# JRE version: Java(TM) SE Runtime Environment (7.0_51-b13) (build 1.7.0_51-b13)
# Java VM: Java HotSpot(TM) 64-Bit Server VM (24.51-b03 mixed mode windows-amd64 compressed oops)
Heap
 PSYoungGen      total 184832K, used 170376K [0x00000000eee80000, 0x00000000ffd00000, 0x0000000100000000)
  eden space 183808K, 92% used [0x00000000eee80000,0x00000000f94c2088,0x00000000fa200000)
  from space 1024K, 12% used [0x00000000ffb00000,0x00000000ffb20000,0x00000000ffc00000)
  to   space 1024K, 0% used [0x00000000ffc00000,0x00000000ffc00000,0x00000000ffd00000)
 ParOldGen       total 20480K, used 15943K [0x00000000ccc00000, 0x00000000ce000000, 0x00000000eee80000)
  object space 20480K, 77% used [0x00000000ccc00000,0x00000000cdb91dc0,0x00000000ce000000)
 PSPermGen       total 21504K, used 3222K [0x00000000c7a00000, 0x00000000c8f00000, 0x00000000ccc00000)
  object space 21504K, 14% used [0x00000000c7a00000,0x00000000c7d259e8,0x00000000c8f00000)
GC Heap History (10 events):
Event: 514916.044 GC heap before
{Heap before GC invocations=372874 (full 263):
 PSYoungGen      total 73728K, used 73280K [0x00000000eee80000, 0x00000000ffe00000, 0x0000000100000000)
  eden space 73216K, 100% used [0x00000000eee80000,0x00000000f3600000,0x00000000f3600000)
  from space 512K, 12% used [0x00000000ffd80000,0x00000000ffd90000,0x00000000ffe00000)
  to   space 1024K, 0% used [0x00000000ffc00000,0x00000000ffc00000,0x00000000ffd00000)
 ParOldGen       total 20480K, used 15943K [0x00000000ccc00000, 0x00000000ce000000, 0x00000000eee80000)
  object space 20480K, 77% used [0x00000000ccc00000,0x00000000cdb91dc0,0x00000000ce000000)
 PSPermGen       total 21504K, used 3222K [0x00000000c7a00000, 0x00000000c8f00000, 0x00000000ccc00000)
  object space 21504K, 14% used [0x00000000c7a00000,0x00000000c7d259e8,0x00000000c8f00000)
Event: 514916.071 GC heap after
Heap after GC invocations=372874 (full 263):
 PSYoungGen      total 89088K, used 96K [0x00000000eee80000, 0x00000000ffe00000, 0x0000000100000000)
  eden space 88064K, 0% used [0x00000000eee80000,0x00000000eee80000,0x00000000f4480000)
  from space 1024K, 9% used [0x00000000ffc00000,0x00000000ffc18000,0x00000000ffd00000)
  to   space 1024K, 0% used [0x00000000ffd00000,0x00000000ffd00000,0x00000000ffe00000)
 ParOldGen       total 20480K, used 15943K [0x00000000ccc00000, 0x00000000ce000000, 0x00000000eee80000)
  object space 20480K, 77% used [0x00000000ccc00000,0x00000000cdb91dc0,0x00000000ce000000)
 PSPermGen       total 21504K, used 3222K [0x00000000c7a00000, 0x00000000c8f00000, 0x00000000ccc00000)
  object space 21504K, 14% used [0x00000000c7a00000,0x00000000c7d259e8,0x00000000c8f00000)
}
Event: 514916.705 GC heap before
{Heap before GC invocations=372875 (full 263):
 PSYoungGen      total 89088K, used 88160K [0x00000000eee80000, 0x00000000ffe00000, 0x0000000100000000)
  eden space 88064K, 100% used [0x00000000eee80000,0x00000000f4480000,0x00000000f4480000)
  from space 1024K, 9% used [0x00000000ffc00000,0x00000000ffc18000,0x00000000ffd00000)
  to   space 1024K, 0% used [0x00000000ffd00000,0x00000000ffd00000,0x00000000ffe00000)
 ParOldGen       total 20480K, used 15943K [0x00000000ccc00000, 0x00000000ce000000, 0x00000000eee80000)
  object space 20480K, 77% used [0x00000000ccc00000,0x00000000cdb91dc0,0x00000000ce000000)
 PSPermGen       total 21504K, used 3222K [0x00000000c7a00000, 0x00000000c8f00000, 0x00000000ccc00000)
  object space 21504K, 14% used [0x00000000c7a00000,0x00000000c7d259e8,0x00000000c8f00000)
Event: 514916.706 GC heap after
Heap after GC invocations=372875 (full 263):
 PSYoungGen      total 106496K, used 64K [0x00000000eee80000, 0x00000000ffd80000, 0x0000000100000000)
  eden space 105984K, 0% used [0x00000000eee80000,0x00000000eee80000,0x00000000f5600000)
  from space 512K, 12% used [0x00000000ffd00000,0x00000000ffd10000,0x00000000ffd80000)
  to   space 1024K, 0% used [0x00000000ffb80000,0x00000000ffb80000,0x00000000ffc80000)
 ParOldGen       total 20480K, used 15943K [0x00000000ccc00000, 0x00000000ce000000, 0x00000000eee80000)
  object space 20480K, 77% used [0x00000000ccc00000,0x00000000cdb91dc0,0x00000000ce000000)
 PSPermGen       total 21504K, used 3222K [0x00000000c7a00000, 0x00000000c8f00000, 0x00000000ccc00000)
  object space 21504K, 14% used [0x00000000c7a00000,0x00000000c7d259e8,0x00000000c8f00000)
}
Event: 514924.657 GC heap before
{Heap before GC invocations=372876 (full 263):
 PSYoungGen      total 106496K, used 106048K [0x00000000eee80000, 0x00000000ffd80000, 0x0000000100000000)
  eden space 105984K, 100% used [0x00000000eee80000,0x00000000f5600000,0x00000000f5600000)
  from space 512K, 12% used [0x00000000ffd00000,0x00000000ffd10000,0x00000000ffd80000)
  to   space 1024K, 0% used [0x00000000ffb80000,0x00000000ffb80000,0x00000000ffc80000)
 ParOldGen       total 20480K, used 15943K [0x00000000ccc00000, 0x00000000ce000000, 0x00000000eee80000)
  object space 20480K, 77% used [0x00000000ccc00000,0x00000000cdb91dc0,0x00000000ce000000)
 PSPermGen       total 21504K, used 3222K [0x00000000c7a00000, 0x00000000c8f00000, 0x00000000ccc00000)
  object space 21504K, 14% used [0x00000000c7a00000,0x00000000c7d259e8,0x00000000c8f00000)
Event: 514924.681 GC heap after
Heap after GC invocations=372876 (full 263):
 PSYoungGen      total 128512K, used 96K [0x00000000eee80000, 0x00000000ffd80000, 0x0000000100000000)
  eden space 127488K, 0% used [0x00000000eee80000,0x00000000eee80000,0x00000000f6b00000)
  from space 1024K, 9% used [0x00000000ffb80000,0x00000000ffb98000,0x00000000ffc80000)
  to   space 1024K, 0% used [0x00000000ffc80000,0x00000000ffc80000,0x00000000ffd80000)
 ParOldGen       total 20480K, used 15943K [0x00000000ccc00000, 0x00000000ce000000, 0x00000000eee80000)
  object space 20480K, 77% used [0x00000000ccc00000,0x00000000cdb91dc0,0x00000000ce000000)
 PSPermGen       total 21504K, used 3222K [0x00000000c7a00000, 0x00000000c8f00000, 0x00000000ccc00000)
  object space 21504K, 14% used [0x00000000c7a00000,0x00000000c7d259e8,0x00000000c8f00000)
}
Event: 514963.184 GC heap before
{Heap before GC invocations=372877 (full 263):
 PSYoungGen      total 128512K, used 127584K [0x00000000eee80000, 0x00000000ffd80000, 0x0000000100000000)
  eden space 127488K, 100% used [0x00000000eee80000,0x00000000f6b00000,0x00000000f6b00000)
  from space 1024K, 9% used [0x00000000ffb80000,0x00000000ffb98000,0x00000000ffc80000)
  to   space 1024K, 0% used [0x00000000ffc80000,0x00000000ffc80000,0x00000000ffd80000)
 ParOldGen       total 20480K, used 15943K [0x00000000ccc00000, 0x00000000ce000000, 0x00000000eee80000)
  object space 20480K, 77% used [0x00000000ccc00000,0x00000000cdb91dc0,0x00000000ce000000)
 PSPermGen       total 21504K, used 3222K [0x00000000c7a00000, 0x00000000c8f00000, 0x00000000ccc00000)
  object space 21504K, 14% used [0x00000000c7a00000,0x00000000c7d259e8,0x00000000c8f00000)
Event: 514963.199 GC heap after
Heap after GC invocations=372877 (full 263):
 PSYoungGen      total 153600K, used 32K [0x00000000eee80000, 0x00000000ffd00000, 0x0000000100000000)
  eden space 153088K, 0% used [0x00000000eee80000,0x00000000eee80000,0x00000000f8400000)
  from space 512K, 6% used [0x00000000ffc80000,0x00000000ffc88000,0x00000000ffd00000)
  to   space 1024K, 0% used [0x00000000ffb00000,0x00000000ffb00000,0x00000000ffc00000)
 ParOldGen       total 20480K, used 15943K [0x00000000ccc00000, 0x00000000ce000000, 0x00000000eee80000)
  object space 20480K, 77% used [0x00000000ccc00000,0x00000000cdb91dc0,0x00000000ce000000)
 PSPermGen       total 21504K, used 3222K [0x00000000c7a00000, 0x00000000c8f00000, 0x00000000ccc00000)
  object space 21504K, 14% used [0x00000000c7a00000,0x00000000c7d259e8,0x00000000c8f00000)
}
Event: 514969.694 GC heap before
{Heap before GC invocations=372878 (full 263):
 PSYoungGen      total 153600K, used 153120K [0x00000000eee80000, 0x00000000ffd00000, 0x0000000100000000)
  eden space 153088K, 100% used [0x00000000eee80000,0x00000000f8400000,0x00000000f8400000)
  from space 512K, 6% used [0x00000000ffc80000,0x00000000ffc88000,0x00000000ffd00000)
  to   space 1024K, 0% used [0x00000000ffb00000,0x00000000ffb00000,0x00000000ffc00000)
 ParOldGen       total 20480K, used 15943K [0x00000000ccc00000, 0x00000000ce000000, 0x00000000eee80000)
  object space 20480K, 77% used [0x00000000ccc00000,0x00000000cdb91dc0,0x00000000ce000000)
 PSPermGen       total 21504K, used 3222K [0x00000000c7a00000, 0x00000000c8f00000, 0x00000000ccc00000)
  object space 21504K, 14% used [0x00000000c7a00000,0x00000000c7d259e8,0x00000000c8f00000)
Event: 514969.718 GC heap after
Heap after GC invocations=372878 (full 263):
 PSYoungGen      total 184832K, used 128K [0x00000000eee80000, 0x00000000ffd00000, 0x0000000100000000)
  eden space 183808K, 0% used [0x00000000eee80000,0x00000000eee80000,0x00000000fa200000)
  from space 1024K, 12% used [0x00000000ffb00000,0x00000000ffb20000,0x00000000ffc00000)
  to   space 1024K, 0% used [0x00000000ffc00000,0x00000000ffc00000,0x00000000ffd00000)
 ParOldGen       total 20480K, used 15943K [0x00000000ccc00000, 0x00000000ce000000, 0x00000000eee80000)
  object space 20480K, 77% used [0x00000000ccc00000,0x00000000cdb91dc0,0x00000000ce000000)
 PSPermGen       total 21504K, used 3222K [0x00000000c7a00000, 0x00000000c8f00000, 0x00000000ccc00000)
  object space 21504K, 14% used [0x00000000c7a00000,0x00000000c7d259e8,0x00000000c8f00000)
}

